  ProjectFootballOpenGL.cpp
C:\Users\Hugo\Documents\ProjectFootballOpenGL\ProjectFootballOpenGL\ProjectFootballOpenGL.cpp(38,17): warning C4305:  'initializing': truncation from 'double' to 'float'
C:\Users\Hugo\Documents\ProjectFootballOpenGL\ProjectFootballOpenGL\ProjectFootballOpenGL.cpp(39,17): warning C4305:  'initializing': truncation from 'double' to 'float'
C:\Users\Hugo\Documents\ProjectFootballOpenGL\ProjectFootballOpenGL\ProjectFootballOpenGL.cpp(143,19): warning C4244:  'argument': conversion from 'int' to 'GLfloat', possible loss of data
C:\Users\Hugo\Documents\ProjectFootballOpenGL\ProjectFootballOpenGL\ProjectFootballOpenGL.cpp(143,16): warning C4244:  'argument': conversion from 'int' to 'GLfloat', possible loss of data
C:\Users\Hugo\Documents\ProjectFootballOpenGL\ProjectFootballOpenGL\ProjectFootballOpenGL.cpp(153,26): warning C4305:  'initializing': truncation from 'double' to 'float'
C:\Users\Hugo\Documents\ProjectFootballOpenGL\ProjectFootballOpenGL\ProjectFootballOpenGL.cpp(221,26): warning C4305:  'initializing': truncation from 'double' to 'float'
C:\Users\Hugo\Documents\ProjectFootballOpenGL\ProjectFootballOpenGL\ProjectFootballOpenGL.cpp(245,26): warning C4305:  'initializing': truncation from 'double' to 'float'
C:\Users\Hugo\Documents\ProjectFootballOpenGL\ProjectFootballOpenGL\ProjectFootballOpenGL.cpp(432,19): warning C4305:  '=': truncation from 'double' to 'float'
C:\Users\Hugo\Documents\ProjectFootballOpenGL\ProjectFootballOpenGL\ProjectFootballOpenGL.cpp(432,38): warning C4305:  '=': truncation from 'double' to 'float'
C:\Users\Hugo\Documents\ProjectFootballOpenGL\ProjectFootballOpenGL\ProjectFootballOpenGL.cpp(432,57): warning C4305:  '=': truncation from 'double' to 'float'
C:\Users\Hugo\Documents\ProjectFootballOpenGL\ProjectFootballOpenGL\ProjectFootballOpenGL.cpp(436,19): warning C4305:  '=': truncation from 'double' to 'float'
C:\Users\Hugo\Documents\ProjectFootballOpenGL\ProjectFootballOpenGL\ProjectFootballOpenGL.cpp(436,37): warning C4305:  '=': truncation from 'double' to 'float'
C:\Users\Hugo\Documents\ProjectFootballOpenGL\ProjectFootballOpenGL\ProjectFootballOpenGL.cpp(436,57): warning C4305:  '=': truncation from 'double' to 'float'
C:\Users\Hugo\Documents\ProjectFootballOpenGL\ProjectFootballOpenGL\ProjectFootballOpenGL.cpp(444,20): warning C4305:  '=': truncation from 'double' to 'float'
C:\Users\Hugo\Documents\ProjectFootballOpenGL\ProjectFootballOpenGL\ProjectFootballOpenGL.cpp(444,40): warning C4305:  '=': truncation from 'double' to 'float'
C:\Users\Hugo\Documents\ProjectFootballOpenGL\ProjectFootballOpenGL\ProjectFootballOpenGL.cpp(444,60): warning C4305:  '=': truncation from 'double' to 'float'
C:\Users\Hugo\Documents\ProjectFootballOpenGL\ProjectFootballOpenGL\ProjectFootballOpenGL.cpp(465,71): warning C4244:  '=': conversion from 'double' to 'float', possible loss of data
C:\Users\Hugo\Documents\ProjectFootballOpenGL\ProjectFootballOpenGL\ProjectFootballOpenGL.cpp(479,72): warning C4244:  '=': conversion from 'double' to 'float', possible loss of data
C:\Users\Hugo\Documents\ProjectFootballOpenGL\ProjectFootballOpenGL\ProjectFootballOpenGL.cpp(505,71): warning C4244:  '=': conversion from 'double' to 'float', possible loss of data
C:\Users\Hugo\Documents\ProjectFootballOpenGL\ProjectFootballOpenGL\ProjectFootballOpenGL.cpp(518,69): warning C4244:  '=': conversion from 'double' to 'float', possible loss of data
C:\Users\Hugo\Documents\ProjectFootballOpenGL\ProjectFootballOpenGL\ProjectFootballOpenGL.cpp(649,27): warning C4244:  '=': conversion from 'GLdouble' to 'GLfloat', possible loss of data
C:\Users\Hugo\Documents\ProjectFootballOpenGL\ProjectFootballOpenGL\ProjectFootballOpenGL.cpp(650,28): warning C4244:  '=': conversion from 'GLdouble' to 'GLfloat', possible loss of data
C:\Users\Hugo\Documents\ProjectFootballOpenGL\ProjectFootballOpenGL\ProjectFootballOpenGL.cpp(651,29): warning C4244:  '=': conversion from 'GLdouble' to 'GLfloat', possible loss of data
C:\Users\Hugo\Documents\ProjectFootballOpenGL\ProjectFootballOpenGL\ProjectFootballOpenGL.cpp(652,26): warning C4244:  '=': conversion from 'GLdouble' to 'GLfloat', possible loss of data
  ProjectFootballOpenGL.vcxproj -> C:\Users\Hugo\Documents\ProjectFootballOpenGL\Debug\ProjectFootballOpenGL.exe
